0:0000.0/=============== Logging to: Liquid.log opened ================
0:0000.0/Test: __Chem("H2",0,"",32,28,1): with 4 SOs
0:0000.0/        Parity = 1
0:0000.0/          Diff = 0
0:0000.0/        HalfUp = true
0:0000.0/        Single = true
0:0000.0/         Preps = [1;3]
0:0000.0/    AlterNoise = 0.0
0:0000.0/        Redund = false
0:0000.0/     TermOrder = Interleave
0:0000.0/      TermType = Optimized
0:0000.0/        PEtype = default
0:0000.0/            PP = true
0:0000.0/            PQ = true
0:0000.0/          PQQP = true
0:0000.0/          PQQR = true
0:0000.0/          PQRS = true
0:0000.0/      TolLevel = 1E-18
0:0000.0/          Test = 0
0:0000.0/       Trotter = 32
0:0000.0/          Bits = 28
0:0000.0/         Order = 1
0:0000.0/      Coalesce = 0
0:0000.0/       CplxTol = 1,00E-018
0:0000.0/          File = h2_sto3g_4.dat
0:0000.0/           SOs = 4
0:0000.0/          Ecnt = 2
0:0000.0/          Emin = -3,141592650
0:0000.0/          Emax = 3,141592650
0:0000.0/        Thresh = -2,827433385
0:0000.0/Error running function __Chem(H2): Exception has been thrown by the target of an invocation.
0:0000.0/Inner: Input string was not in a correct format.
0:0000.0/Error occured at Invoke
0:0000.0/!!!!!!!!!!!!!!!!!!!!!! Stack Trace !!!!!!!!!!!!!!!!!!!!!!!!!!!!!!!!
0:0000.0/  at ad.c (System.String A_0) <0x40492690 + 0x00ba7>
0:0000.0/    in <filename unknown>:0 
0:0000.0/  at Microsoft.Research.Liquid.Parser.CommandRun (Microsoft.Research.Liquid.LiquidArgs las) <0x4048dd40 + 0x00267>
0:0000.0/    in <filename unknown>:0 
0:0000.0/!!!!!!!!!!!!!!!!!!!!!!!!!!!!!!!!!!!!!!!!!!!!!!!!!!!!!!!!!!!!!!!!!!!
0:0000.0/!!!    ERROR: Exiting Liquid
0:0000.0/!!!!!!!!!!!!!!!!!!!!!!!!!!!!!!!!!!!!!!!!!!!!!!!!!!!!!!!!!!!!!!!!!!!
