0:0000.0/=============== Logging to: Liquid.log opened ================
0:0000.0/Writing: TotalCircuit.htm (split=100.00% scale=100.00%)
0:0000.0/Writing: TotalCircuit.tex (split=100.00% scale=100.00%)
0:0000.0/     Doing columns:  0 - 13
0:0000.0/SEQ
0:0000.0/  SEQ
0:0000.0/    APPLY
0:0000.0/      GATE H is a  (Normal) 
0:0000.0/        0.7071 0.7071 
0:0000.0/        0.7071 -0.7071 
0:0000.0/      WIRE(Id:0)
0:0000.0/    APPLY
0:0000.0/      GATE H is a  (Normal) 
0:0000.0/        0.7071 0.7071 
0:0000.0/        0.7071 -0.7071 
0:0000.0/      WIRE(Id:3)
0:0000.0/    APPLY
0:0000.0/      GATE H is a  (Normal) 
0:0000.0/        0.7071 0.7071 
0:0000.0/        0.7071 -0.7071 
0:0000.0/      WIRE(Id:1)
0:0000.0/    Extend
0:0000.0/      GATE CT is a Control of PI/8 rotation (Modify(1)) P
0:0000.0/        1 0 0 0 
0:0000.0/        0 1 0 0 
0:0000.0/        0 0 1 0 
0:0000.0/        0 0 0 (0.7071+0.7071i) 
0:0000.0/        WIRE(Id:0)
0:0000.0/        WIRE(Id:1)
0:0000.0/      APPLY
0:0000.0/        GATE T is a PI/8 rotation (Normal) 
0:0000.0/          1 0 
0:0000.0/          0 (0.7071+0.7071i) 
0:0000.0/        WIRE(Id:1)
0:0000.0/    APPLY
0:0000.0/      GATE X is a Pauli X flip (Normal) 
0:0000.0/        0 1 
0:0000.0/        1 0 
0:0000.0/      WIRE(Id:0)
0:0000.0/    Extend
0:0000.0/      GATE CS is a Control of S - Phase Gate (Modify(1)) P
0:0000.0/        1 0 0 0 
0:0000.0/        0 1 0 0 
0:0000.0/        0 0 1 0 
0:0000.0/        0 0 0 i 
0:0000.0/        WIRE(Id:0)
0:0000.0/        WIRE(Id:1)
0:0000.0/      APPLY
0:0000.0/        GATE S is a S - Phase Gate (Normal) 
0:0000.0/          1 0 
0:0000.0/          0 i 
0:0000.0/        WIRE(Id:1)
0:0000.0/    Extend
0:0000.0/      GATE CCZ is a Control of Pauli Z flip (Modify(2)) P
0:0000.0/        1 0 0 0 0 0 0 0 
0:0000.0/        0 1 0 0 0 0 0 0 
0:0000.0/        0 0 1 0 0 0 0 0 
0:0000.0/        0 0 0 1 0 0 0 0 
0:0000.0/        0 0 0 0 1 0 0 0 
0:0000.0/        0 0 0 0 0 1 0 0 
0:0000.0/        0 0 0 0 0 0 1 0 
0:0000.0/        0 0 0 0 0 0 0 -1 
0:0000.0/        WIRE(Id:0)
0:0000.0/        WIRE(Id:3)
0:0000.0/        WIRE(Id:1)
0:0000.0/      APPLY
0:0000.0/        GATE Z is a Pauli Z flip (Normal) 
0:0000.0/          1 0 
0:0000.0/          0 -1 
0:0000.0/        WIRE(Id:1)
0:0000.0/    APPLY
0:0000.0/      GATE CNOT is a Controlled NOT (Normal) 
0:0000.0/        1 0 0 0 
0:0000.0/        0 1 0 0 
0:0000.0/        0 0 0 1 
0:0000.0/        0 0 1 0 
0:0000.0/      WIRE(Id:3)
0:0000.0/      WIRE(Id:2)
0:0000.0/  SEQ
0:0000.0/    APPLY
0:0000.0/      GATE H is a  (Normal) 
0:0000.0/        0.7071 0.7071 
0:0000.0/        0.7071 -0.7071 
0:0000.0/      WIRE(Id:0)
0:0000.0/      WIRE(Id:1)
0:0000.0/      WIRE(Id:2)
0:0000.0/      WIRE(Id:3)
0:0000.0/    APPLY
0:0000.0/      GATE X is a Pauli X flip (Normal) 
0:0000.0/        0 1 
0:0000.0/        1 0 
0:0000.0/      WIRE(Id:0)
0:0000.0/      WIRE(Id:1)
0:0000.0/      WIRE(Id:2)
0:0000.0/      WIRE(Id:3)
0:0000.0/    BitCon
0:0000.0/      GATE BitContol is a Bit control Qubit operator (BitControl(1)) P
0:0000.0/      WIRE(Id:0)
0:0000.0/      WIRE(Id:2)
0:0000.0/        APPLY
0:0000.0/          GATE Meas is a Collapse State (Measure(,Joint=)) 
0:0000.0/            1 0 
0:0000.0/            0 1 
0:0000.0/          WIRE(Id:2)
0:0000.0/SEQ
0:0000.0/  APPLY
0:0000.0/    GATE H is a  (Normal) 
0:0000.0/      0.7071 0.7071 
0:0000.0/      0.7071 -0.7071 
0:0000.0/    WIRE(Id:0)
0:0000.0/  APPLY
0:0000.0/    GATE H is a  (Normal) 
0:0000.0/      0.7071 0.7071 
0:0000.0/      0.7071 -0.7071 
0:0000.0/    WIRE(Id:3)
0:0000.0/  APPLY
0:0000.0/    GATE H is a  (Normal) 
0:0000.0/      0.7071 0.7071 
0:0000.0/      0.7071 -0.7071 
0:0000.0/    WIRE(Id:1)
0:0000.0/  Extend
0:0000.0/    GATE CT is a Control of PI/8 rotation (Modify(1)) P
0:0000.0/      1 0 0 0 
0:0000.0/      0 1 0 0 
0:0000.0/      0 0 1 0 
0:0000.0/      0 0 0 (0.7071+0.7071i) 
0:0000.0/      WIRE(Id:0)
0:0000.0/      WIRE(Id:1)
0:0000.0/    APPLY
0:0000.0/      GATE T is a PI/8 rotation (Normal) 
0:0000.0/        1 0 
0:0000.0/        0 (0.7071+0.7071i) 
0:0000.0/      WIRE(Id:1)
0:0000.0/  APPLY
0:0000.0/    GATE X is a Pauli X flip (Normal) 
0:0000.0/      0 1 
0:0000.0/      1 0 
0:0000.0/    WIRE(Id:0)
0:0000.0/  Extend
0:0000.0/    GATE CS is a Control of S - Phase Gate (Modify(1)) P
0:0000.0/      1 0 0 0 
0:0000.0/      0 1 0 0 
0:0000.0/      0 0 1 0 
0:0000.0/      0 0 0 i 
0:0000.0/      WIRE(Id:0)
0:0000.0/      WIRE(Id:1)
0:0000.0/    APPLY
0:0000.0/      GATE S is a S - Phase Gate (Normal) 
0:0000.0/        1 0 
0:0000.0/        0 i 
0:0000.0/      WIRE(Id:1)
0:0000.0/  Extend
0:0000.0/    GATE CCZ is a Control of Pauli Z flip (Modify(2)) P
0:0000.0/      1 0 0 0 0 0 0 0 
0:0000.0/      0 1 0 0 0 0 0 0 
0:0000.0/      0 0 1 0 0 0 0 0 
0:0000.0/      0 0 0 1 0 0 0 0 
0:0000.0/      0 0 0 0 1 0 0 0 
0:0000.0/      0 0 0 0 0 1 0 0 
0:0000.0/      0 0 0 0 0 0 1 0 
0:0000.0/      0 0 0 0 0 0 0 -1 
0:0000.0/      WIRE(Id:0)
0:0000.0/      WIRE(Id:3)
0:0000.0/      WIRE(Id:1)
0:0000.0/    APPLY
0:0000.0/      GATE Z is a Pauli Z flip (Normal) 
0:0000.0/        1 0 
0:0000.0/        0 -1 
0:0000.0/      WIRE(Id:1)
0:0000.0/  APPLY
0:0000.0/    GATE CNOT is a Controlled NOT (Normal) 
0:0000.0/      1 0 0 0 
0:0000.0/      0 1 0 0 
0:0000.0/      0 0 0 1 
0:0000.0/      0 0 1 0 
0:0000.0/    WIRE(Id:3)
0:0000.0/    WIRE(Id:2)
0:0000.0/Writing: StatePreparation.htm (split=100.00% scale=100.00%)
0:0000.0/Writing: StatePreparation.tex (split=100.00% scale=100.00%)
0:0000.0/     Doing columns:  0 - 10
0:0000.0/SEQ
0:0000.0/  APPLY
0:0000.0/    GATE 177ADA8 is a 177ADA8 (Normal) 
0:0000.0/      0.3536 0.3536 0 0 0.3536 0.3536 0 0 -0.3536 -0.3536 0 0 -0.3536 -0.3536 0 0 
0:0000.0/      0 0 0.3536 -0.3536 0 0 0.3536 -0.3536 0 0 -0.3536 0.3536 0 0 -0.3536 0.3536 
0:0000.0/      0 0 0.3536 0.3536 0 0 0.3536 0.3536 0 0 -0.3536 -0.3536 0 0 -0.3536 -0.3536 
0:0000.0/      0.3536 -0.3536 0 0 0.3536 -0.3536 0 0 -0.3536 0.3536 0 0 -0.3536 0.3536 0 0 
0:0000.0/      (0.25+0.25i) (0.25+0.25i) 0 0 (-0.25-0.25i) (-0.25-0.25i) 0 0 (-0.25-0.25i) (-0.25-0.25i) 0 0 (0.25+0.25i) (0.25+0.25i) 0 0 
0:0000.0/      0 0 (0.25+0.25i) (-0.25-0.25i) 0 0 (-0.25-0.25i) (0.25+0.25i) 0 0 (-0.25-0.25i) (0.25+0.25i) 0 0 (0.25+0.25i) (-0.25-0.25i) 
0:0000.0/      0 0 (0.25+0.25i) (0.25+0.25i) 0 0 (-0.25-0.25i) (-0.25-0.25i) 0 0 (-0.25-0.25i) (-0.25-0.25i) 0 0 (0.25+0.25i) (0.25+0.25i) 
0:0000.0/      (0.25+0.25i) (-0.25-0.25i) 0 0 (-0.25-0.25i) (0.25+0.25i) 0 0 (-0.25-0.25i) (0.25+0.25i) 0 0 (0.25+0.25i) (-0.25-0.25i) 0 0 
0:0000.0/      0.3536 0.3536 0 0 0.3536 0.3536 0 0 0.3536 0.3536 0 0 0.3536 0.3536 0 0 
0:0000.0/      0 0 0.3536 -0.3536 0 0 0.3536 -0.3536 0 0 0.3536 -0.3536 0 0 0.3536 -0.3536 
0:0000.0/      0 0 0.3536 0.3536 0 0 0.3536 0.3536 0 0 0.3536 0.3536 0 0 0.3536 0.3536 
0:0000.0/      0.3536 -0.3536 0 0 0.3536 -0.3536 0 0 0.3536 -0.3536 0 0 0.3536 -0.3536 0 0 
0:0000.0/      0.3536i 0.3536i 0 0 -0.3536i -0.3536i 0 0 0.3536i 0.3536i 0 0 -0.3536i -0.3536i 0 0 
0:0000.0/      0 0 -0.3536i 0.3536i 0 0 0.3536i -0.3536i 0 0 -0.3536i 0.3536i 0 0 0.3536i -0.3536i 
0:0000.0/      0 0 0.3536i 0.3536i 0 0 -0.3536i -0.3536i 0 0 0.3536i 0.3536i 0 0 -0.3536i -0.3536i 
0:0000.0/      -0.3536i 0.3536i 0 0 0.3536i -0.3536i 0 0 -0.3536i 0.3536i 0 0 0.3536i -0.3536i 0 0 
0:0000.0/    WIRE(Id:0)
0:0000.0/    WIRE(Id:1)
0:0000.0/    WIRE(Id:2)
0:0000.0/    WIRE(Id:3)
0:0000.0/Writing: StatePreparationOptim.htm (split=100.00% scale=100.00%)
0:0000.0/Writing: StatePreparationOptim.tex (split=100.00% scale=100.00%)
0:0000.0/     Doing columns:  0 -  3
0:0000.0/Measured ancilla qubit: |0>: 1.000000 |1>: 0.000000
0:0000.0/Measured data register: |0> 0.678405 |1> 0.321595
0:0000.0/Measured class register: |0> 0.613289 |1> 0.386711
0:0000.0/Measured m register: |0> 0.613289 |1> 0.386711
0:0000.0/Measured |0000>: 0.341794
0:0000.0/Measured |0001>: 0.000000
0:0000.0/Measured |0010>: 0.000000
0:0000.0/Measured |0100>: 0.271495
0:0000.0/Measured |1000>: 0.000000
0:0000.0/Measured |0011>: 0.336611
0:0000.0/Measured |0110>: 0.000000
0:0000.0/Measured |1100>: 0.000000
0:0000.0/Measured |1001>: 0.000000
0:0000.0/Measured |0101>: 0.000000
0:0000.0/Measured |1010>: 0.000000
0:0000.0/Measured |0111>: 0.050100
0:0000.0/Measured |1110>: 0.000000
0:0000.0/Measured |1101>: 0.000000
0:0000.0/Measured |1011>: 0.000000
0:0000.0/Measured |1111>: 0.000000
0:0000.0/Input classified as: |0>
0:0000.0/Successful CMs: 7525
0:0000.0/=============== Logging to: Liquid.log closed ================
